#
# There is insufficient memory for the Java Runtime Environment to continue.
# Native memory allocation (malloc) failed to allocate 852656 bytes for Chunk::new
# Possible reasons:
#   The system is out of physical RAM or swap space
#   In 32 bit mode, the process size limit was hit
# Possible solutions:
#   Reduce memory load on the system
#   Increase physical memory or swap space
#   Check if swap backing store is full
#   Use 64 bit Java on a 64 bit OS
#   Decrease Java heap size (-Xmx/-Xms)
#   Decrease number of Java threads
#   Decrease Java thread stack sizes (-Xss)
#   Set larger code cache with -XX:ReservedCodeCacheSize=
# This output file may be truncated or incomplete.
#
#  Out of Memory Error (allocation.cpp:390), pid=9572, tid=3660
#
# JRE version: Java(TM) SE Runtime Environment (8.0_74-b02) (build 1.8.0_74-b02)
# Java VM: Java HotSpot(TM) 64-Bit Server VM (25.74-b02 mixed mode windows-amd64 compressed oops)
# Failed to write core dump. Minidumps are not enabled by default on client versions of Windows
#

---------------  T H R E A D  ---------------

Current thread (0x00000000566a3800):  JavaThread "C2 CompilerThread2" daemon [_thread_in_native, id=3660, stack(0x0000000058140000,0x0000000058240000)]

Stack: [0x0000000058140000,0x0000000058240000]
[error occurred during error reporting (printing stack bounds), id 0xc0000005]

Native frames: (J=compiled Java code, j=interpreted, Vv=VM code, C=native code)


Current CompileTask:
C2:   2317 1345       4       com.android.dx.ssa.LocalVariableExtractor::processBlock (383 bytes)


---------------  P R O C E S S  ---------------

Java Threads: ( => current thread )
  0x00000000569ce800 JavaThread "pool-2-thread-4" [_thread_in_Java, id=6380, stack(0x0000000059180000,0x0000000059280000)]
  0x00000000569ce000 JavaThread "pool-2-thread-3" [_thread_in_Java, id=12716, stack(0x00000000592e0000,0x00000000593e0000)]
  0x0000000056946800 JavaThread "pool-2-thread-2" [_thread_blocked, id=5216, stack(0x0000000058810000,0x0000000058910000)]
  0x0000000056902800 JavaThread "pool-3-thread-1" [_thread_blocked, id=13348, stack(0x00000000586a0000,0x00000000587a0000)]
  0x00000000568fd800 JavaThread "pool-2-thread-1" [_thread_in_Java, id=7580, stack(0x00000000584e0000,0x00000000585e0000)]
  0x0000000056731800 JavaThread "Service Thread" daemon [_thread_blocked, id=5852, stack(0x0000000057c60000,0x0000000057d60000)]
  0x00000000566ad800 JavaThread "C1 CompilerThread3" daemon [_thread_blocked, id=5412, stack(0x0000000057ed0000,0x0000000057fd0000)]
=>0x00000000566a3800 JavaThread "C2 CompilerThread2" daemon [_thread_in_native, id=3660, stack(0x0000000058140000,0x0000000058240000)]
  0x0000000056698000 JavaThread "C2 CompilerThread1" daemon [_thread_in_native, id=9616, stack(0x0000000057fd0000,0x00000000580d0000)]
  0x000000005668f000 JavaThread "C2 CompilerThread0" daemon [_thread_blocked, id=11356, stack(0x0000000057d70000,0x0000000057e70000)]
  0x000000005668d000 JavaThread "Attach Listener" daemon [_thread_blocked, id=12744, stack(0x0000000057870000,0x0000000057970000)]
  0x000000005668c000 JavaThread "Signal Dispatcher" daemon [_thread_blocked, id=10304, stack(0x0000000057b60000,0x0000000057c60000)]
  0x00000000556ed800 JavaThread "Finalizer" daemon [_thread_blocked, id=12320, stack(0x0000000057a20000,0x0000000057b20000)]
  0x00000000556e6800 JavaThread "Reference Handler" daemon [_thread_blocked, id=1544, stack(0x0000000057640000,0x0000000057740000)]
  0x000000000216e800 JavaThread "main" [_thread_in_Java, id=2256, stack(0x0000000002190000,0x0000000002290000)]

Other Threads:
  0x0000000056640800 VMThread [stack: 0x0000000057760000,0x0000000057860000] [id=10332]
  0x0000000056708000 WatcherThread [stack: 0x0000000058310000,0x0000000058410000] [id=1476]

VM state:not at safepoint (normal execution)

VM Mutex/Monitor currently owned by a thread: None

Heap:
 PSYoungGen      total 71680K, used 11427K [0x00000000eab00000, 0x00000000ef600000, 0x0000000100000000)
  eden space 66560K, 9% used [0x00000000eab00000,0x00000000eb12dcd8,0x00000000eec00000)
  from space 5120K, 99% used [0x00000000eec00000,0x00000000ef0fb140,0x00000000ef100000)
  to   space 5120K, 0% used [0x00000000ef100000,0x00000000ef100000,0x00000000ef600000)
 ParOldGen       total 87552K, used 16091K [0x00000000c0000000, 0x00000000c5580000, 0x00000000eab00000)
  object space 87552K, 18% used [0x00000000c0000000,0x00000000c0fb6c78,0x00000000c5580000)
 Metaspace       used 6303K, capacity 7128K, committed 7424K, reserved 1056768K
  class space    used 624K, capacity 656K, committed 768K, reserved 1048576K

Card table byte_map: [0x0000000011a20000,0x0000000011c30000] byte_map_base: 0x0000000011420000

Marking Bits: (ParMarkBitMap*) 0x000000006fe70600
 Begin Bits: [0x0000000012b00000, 0x0000000013b00000)
 End Bits:   [0x0000000013b00000, 0x0000000014b00000)

Polling page: 0x0000000001b60000

CodeCache: size=245760Kb used=6045Kb max_used=6053Kb free=239714Kb
 bounds [0x0000000002660000, 0x0000000002c50000, 0x0000000011660000]
 total_blobs=1834 nmethods=1565 adapters=182
 compilation: enabled

Compilation events (10 events):
Event: 2.305 Thread 0x00000000566ad800 1618 %     3       com.android.dx.ssa.back.FirstFitLocalCombiningAllocator::handleNormalUnassociated @ 10 (99 bytes)
Event: 2.307 Thread 0x00000000566ad800 nmethod 1618% 0x0000000002c440d0 code [0x0000000002c443a0, 0x0000000002c457b8]
Event: 2.307 Thread 0x00000000566ad800 1619       3       com.android.dx.ssa.back.FirstFitLocalCombiningAllocator::handleNormalUnassociated (99 bytes)
Event: 2.309 Thread 0x00000000566ad800 nmethod 1619 0x0000000002c48a90 code [0x0000000002c48d40, 0x0000000002c4a0b8]
Event: 2.312 Thread 0x00000000566ad800 1620       2       com.android.dx.ssa.back.FirstFitLocalCombiningAllocator$1::visitPhiInsn (6 bytes)
Event: 2.314 Thread 0x00000000566ad800 nmethod 1620 0x0000000002c43d50 code [0x0000000002c43ec0, 0x0000000002c44028]
Event: 2.314 Thread 0x00000000566ad800 1621       2       sun.misc.VM::addFinalRefCount (24 bytes)
Event: 2.314 Thread 0x00000000566ad800 nmethod 1621 0x0000000002c43a10 code [0x0000000002c43b60, 0x0000000002c43cd0]
Event: 2.314 Thread 0x00000000566ad800 1622   !   2       java.util.zip.ZipFile$ZipFileInflaterInputStream::close (67 bytes)
Event: 2.315 Thread 0x00000000566ad800 nmethod 1622 0x0000000002c4ab50 code [0x0000000002c4ace0, 0x0000000002c4b0f8]

GC Heap History (6 events):
Event: 0.997 GC heap before
{Heap before GC invocations=1 (full 0):
 PSYoungGen      total 38400K, used 33280K [0x00000000eab00000, 0x00000000ed580000, 0x0000000100000000)
  eden space 33280K, 100% used [0x00000000eab00000,0x00000000ecb80000,0x00000000ecb80000)
  from space 5120K, 0% used [0x00000000ed080000,0x00000000ed080000,0x00000000ed580000)
  to   space 5120K, 0% used [0x00000000ecb80000,0x00000000ecb80000,0x00000000ed080000)
 ParOldGen       total 87552K, used 0K [0x00000000c0000000, 0x00000000c5580000, 0x00000000eab00000)
  object space 87552K, 0% used [0x00000000c0000000,0x00000000c0000000,0x00000000c5580000)
 Metaspace       used 5920K, capacity 6834K, committed 7040K, reserved 1056768K
  class space    used 600K, capacity 618K, committed 640K, reserved 1048576K
Event: 1.030 GC heap after
Heap after GC invocations=1 (full 0):
 PSYoungGen      total 38400K, used 5118K [0x00000000eab00000, 0x00000000ef600000, 0x0000000100000000)
  eden space 33280K, 0% used [0x00000000eab00000,0x00000000eab00000,0x00000000ecb80000)
  from space 5120K, 99% used [0x00000000ecb80000,0x00000000ed07fb60,0x00000000ed080000)
  to   space 5120K, 0% used [0x00000000ef100000,0x00000000ef100000,0x00000000ef600000)
 ParOldGen       total 87552K, used 1672K [0x00000000c0000000, 0x00000000c5580000, 0x00000000eab00000)
  object space 87552K, 1% used [0x00000000c0000000,0x00000000c01a23e8,0x00000000c5580000)
 Metaspace       used 5920K, capacity 6834K, committed 7040K, reserved 1056768K
  class space    used 600K, capacity 618K, committed 640K, reserved 1048576K
}
Event: 1.512 GC heap before
{Heap before GC invocations=2 (full 0):
 PSYoungGen      total 38400K, used 38398K [0x00000000eab00000, 0x00000000ef600000, 0x0000000100000000)
  eden space 33280K, 100% used [0x00000000eab00000,0x00000000ecb80000,0x00000000ecb80000)
  from space 5120K, 99% used [0x00000000ecb80000,0x00000000ed07fb60,0x00000000ed080000)
  to   space 5120K, 0% used [0x00000000ef100000,0x00000000ef100000,0x00000000ef600000)
 ParOldGen       total 87552K, used 1672K [0x00000000c0000000, 0x00000000c5580000, 0x00000000eab00000)
  object space 87552K, 1% used [0x00000000c0000000,0x00000000c01a23e8,0x00000000c5580000)
 Metaspace       used 6046K, capacity 6962K, committed 7040K, reserved 1056768K
  class space    used 600K, capacity 618K, committed 640K, reserved 1048576K
Event: 1.648 GC heap after
Heap after GC invocations=2 (full 0):
 PSYoungGen      total 71680K, used 5112K [0x00000000eab00000, 0x00000000ef600000, 0x0000000100000000)
  eden space 66560K, 0% used [0x00000000eab00000,0x00000000eab00000,0x00000000eec00000)
  from space 5120K, 99% used [0x00000000ef100000,0x00000000ef5fe378,0x00000000ef600000)
  to   space 5120K, 0% used [0x00000000eec00000,0x00000000eec00000,0x00000000ef100000)
 ParOldGen       total 87552K, used 5588K [0x00000000c0000000, 0x00000000c5580000, 0x00000000eab00000)
  object space 87552K, 6% used [0x00000000c0000000,0x00000000c05753d8,0x00000000c5580000)
 Metaspace       used 6046K, capacity 6962K, committed 7040K, reserved 1056768K
  class space    used 600K, capacity 618K, committed 640K, reserved 1048576K
}
Event: 2.019 GC heap before
{Heap before GC invocations=3 (full 0):
 PSYoungGen      total 71680K, used 71672K [0x00000000eab00000, 0x00000000ef600000, 0x0000000100000000)
  eden space 66560K, 100% used [0x00000000eab00000,0x00000000eec00000,0x00000000eec00000)
  from space 5120K, 99% used [0x00000000ef100000,0x00000000ef5fe378,0x00000000ef600000)
  to   space 5120K, 0% used [0x00000000eec00000,0x00000000eec00000,0x00000000ef100000)
 ParOldGen       total 87552K, used 5588K [0x00000000c0000000, 0x00000000c5580000, 0x00000000eab00000)
  object space 87552K, 6% used [0x00000000c0000000,0x00000000c05753d8,0x00000000c5580000)
 Metaspace       used 6300K, capacity 7128K, committed 7424K, reserved 1056768K
  class space    used 624K, capacity 656K, committed 768K, reserved 1048576K
Event: 2.292 GC heap after
Heap after GC invocations=3 (full 0):
 PSYoungGen      total 71680K, used 5100K [0x00000000eab00000, 0x00000000ef600000, 0x0000000100000000)
  eden space 66560K, 0% used [0x00000000eab00000,0x00000000eab00000,0x00000000eec00000)
  from space 5120K, 99% used [0x00000000eec00000,0x00000000ef0fb140,0x00000000ef100000)
  to   space 5120K, 0% used [0x00000000ef100000,0x00000000ef100000,0x00000000ef600000)
 ParOldGen       total 87552K, used 16091K [0x00000000c0000000, 0x00000000c5580000, 0x00000000eab00000)
  object space 87552K, 18% used [0x00000000c0000000,0x00000000c0fb6c78,0x00000000c5580000)
 Metaspace       used 6300K, capacity 7128K, committed 7424K, reserved 1056768K
  class space    used 624K, capacity 656K, committed 768K, reserved 1048576K
}

Deoptimization events (10 events):
Event: 1.436 Thread 0x00000000568fd800 Uncommon trap: reason=class_check action=maybe_recompile pc=0x000000000293abc0 method=com.android.dx.ssa.NormalSsaInsn.accept(Lcom/android/dx/ssa/SsaInsn$Visitor;)V @ 9
Event: 1.436 Thread 0x00000000568fd800 Uncommon trap: reason=class_check action=maybe_recompile pc=0x000000000293abc0 method=com.android.dx.ssa.NormalSsaInsn.accept(Lcom/android/dx/ssa/SsaInsn$Visitor;)V @ 9
Event: 1.437 Thread 0x00000000568fd800 Uncommon trap: reason=class_check action=maybe_recompile pc=0x000000000293abc0 method=com.android.dx.ssa.NormalSsaInsn.accept(Lcom/android/dx/ssa/SsaInsn$Visitor;)V @ 9
Event: 1.437 Thread 0x00000000568fd800 Uncommon trap: reason=class_check action=maybe_recompile pc=0x000000000293abc0 method=com.android.dx.ssa.NormalSsaInsn.accept(Lcom/android/dx/ssa/SsaInsn$Visitor;)V @ 9
Event: 1.477 Thread 0x000000000216e800 Uncommon trap: reason=unstable_if action=reinterpret pc=0x00000000029739a8 method=com.android.dx.cf.code.Ropper.labelToResultIndex(I)I @ 34
Event: 1.672 Thread 0x00000000568fd800 Uncommon trap: reason=unstable_if action=reinterpret pc=0x0000000002b4d1c0 method=com.android.dx.cf.code.BytecodeArray.parseInstruction(ILcom/android/dx/cf/code/BytecodeArray$Visitor;)I @ 1198
Event: 1.754 Thread 0x00000000568fd800 Uncommon trap: reason=unstable_if action=reinterpret pc=0x000000000297b2a4 method=java.util.HashMap.putVal(ILjava/lang/Object;Ljava/lang/Object;ZZ)Ljava/lang/Object; @ 162
Event: 1.777 Thread 0x00000000569ce000 Uncommon trap: reason=unstable_if action=reinterpret pc=0x0000000002a52300 method=java.util.HashMap.getNode(ILjava/lang/Object;)Ljava/util/HashMap$Node; @ 84
Event: 1.789 Thread 0x00000000569ce000 Uncommon trap: reason=unstable_if action=reinterpret pc=0x00000000029ef76c method=com.android.dx.util.IntList.binarysearch(I)I @ 105
Event: 1.821 Thread 0x00000000568fd800 Uncommon trap: reason=unstable_if action=reinterpret pc=0x0000000002a6f36c method=java.util.HashMap.putVal(ILjava/lang/Object;Ljava/lang/Object;ZZ)Ljava/lang/Object; @ 162

Internal exceptions (6 events):
Event: 0.049 Thread 0x000000000216e800 Exception <a 'java/lang/NoSuchMethodError': Method sun.misc.Unsafe.defineClass(Ljava/lang/String;[BII)Ljava/lang/Class; name or signature does not match> (0x00000000eab07cc0) thrown at [C:\re\workspace\8-2-build-windows-amd64-cygwin\jdk8u74\6087\hotspot\srsN
Event: 0.049 Thread 0x000000000216e800 Exception <a 'java/lang/NoSuchMethodError': Method sun.misc.Unsafe.prefetchRead(Ljava/lang/Object;J)V name or signature does not match> (0x00000000eab07fa8) thrown at [C:\re\workspace\8-2-build-windows-amd64-cygwin\jdk8u74\6087\hotspot\src\share\vm\prims\j‚–rÚö?
Event: 1.428 Thread 0x00000000569ce800 Implicit null exception at 0x000000000295b11b to 0x000000000295c861
Event: 1.756 Thread 0x00000000568fd800 Exception <a 'java/lang/ArrayIndexOutOfBoundsException': 18> (0x00000000ebd08340) thrown at [C:\re\workspace\8-2-build-windows-amd64-cygwin\jdk8u74\6087\hotspot\src\share\vm\interpreter\interpreterRuntime.cpp, line 366]
Event: 1.757 Thread 0x00000000568fd800 Exception <a 'java/lang/ArrayIndexOutOfBoundsException': 145> (0x00000000ebd09ec0) thrown at [C:\re\workspace\8-2-build-windows-amd64-cygwin\jdk8u74\6087\hotspot\src\share\vm\interpreter\interpreterRuntime.cpp, line 366]
Event: 1.758 Thread 0x00000000568fd800 Exception <a 'java/lang/ArrayIndexOutOfBoundsException': 40> (0x00000000ebd0b1a8) thrown at [C:\re\workspace\8-2-build-windows-amd64-cygwin\jdk8u74\6087\hotspot\src\share\vm\interpreter\interpreterRuntime.cpp, line 366]

Events (10 events):
Event: 1.888 Thread 0x00000000569ce000 DEOPT PACKING pc=0x0000000002a6bb75 sp=0x00000000593de960
Event: 1.888 Thread 0x00000000569ce000 DEOPT UNPACKING pc=0x00000000026a787f sp=0x00000000593de6f8 mode 0
Event: 1.913 Thread 0x00000000569ce800 DEOPT PACKING pc=0x0000000002a6bb75 sp=0x000000005927e590
Event: 1.913 Thread 0x00000000569ce800 DEOPT UNPACKING pc=0x00000000026a787f sp=0x000000005927e328 mode 0
Event: 1.959 Thread 0x00000000569ce800 DEOPT PACKING pc=0x0000000002a6bb75 sp=0x000000005927e590
Event: 1.959 Thread 0x00000000569ce800 DEOPT UNPACKING pc=0x00000000026a787f sp=0x000000005927e328 mode 0
Event: 2.012 Executing VM operation: ParallelGCFailedAllocation
Event: 2.292 Executing VM operation: ParallelGCFailedAllocation done
Event: 2.309 Thread 0x00000000569ce000 DEOPT PACKING pc=0x0000000002bbc3ec sp=0x00000000593dea00
Event: 2.309 Thread 0x00000000569ce000 DEOPT UNPACKING pc=0x00000000026a787f sp=0x00000000593de790 mode 0


Dynamic libraries:
0x000000013f3c0000 - 0x000000013f3f7000 	C:\Program Files\Java\jdk1.8.0_74\bin\java.exe
0x0000000077560000 - 0x000000007770a000 	C:\Windows\SYSTEM32\ntdll.dll
0x0000000077340000 - 0x000000007745f000 	C:\Windows\system32\kernel32.dll
0x000007fefd560000 - 0x000007fefd5ca000 	C:\Windows\system32\KERNELBASE.dll
0x000007fefdee0000 - 0x000007fefdfbb000 	C:\Windows\system32\ADVAPI32.dll
0x000007fefe4b0000 - 0x000007fefe54f000 	C:\Windows\system32\msvcrt.dll
0x000007fefdec0000 - 0x000007fefdedf000 	C:\Windows\SYSTEM32\sechost.dll
0x000007feff740000 - 0x000007feff86d000 	C:\Windows\system32\RPCRT4.dll
0x0000000077460000 - 0x000000007755a000 	C:\Windows\system32\USER32.dll
0x000007feff430000 - 0x000007feff497000 	C:\Windows\system32\GDI32.dll
0x000007feff5b0000 - 0x000007feff5be000 	C:\Windows\system32\LPK.dll
0x000007fefe3e0000 - 0x000007fefe4aa000 	C:\Windows\system32\USP10.dll
0x000007fefb570000 - 0x000007fefb764000 	C:\Windows\WinSxS\amd64_microsoft.windows.common-controls_6595b64144ccf1df_6.0.7601.18837_none_fa3b1e3d17594757\COMCTL32.dll
0x000007fefe5f0000 - 0x000007fefe661000 	C:\Windows\system32\SHLWAPI.dll
0x000007fefe670000 - 0x000007fefe69e000 	C:\Windows\system32\IMM32.DLL
0x000007feff4a0000 - 0x000007feff5a9000 	C:\Windows\system32\MSCTF.dll
0x000007fefd210000 - 0x000007fefd242000 	C:\Windows\system32\nvinitx.dll
0x00000000793c0000 - 0x0000000079492000 	C:\Program Files\Java\jdk1.8.0_74\jre\bin\msvcr100.dll
0x000000006f660000 - 0x000000006fef0000 	C:\Program Files\Java\jdk1.8.0_74\jre\bin\server\jvm.dll
0x000007fefa780000 - 0x000007fefa789000 	C:\Windows\system32\WSOCK32.dll
0x000007fefd700000 - 0x000007fefd74d000 	C:\Windows\system32\WS2_32.dll
0x000007fefd750000 - 0x000007fefd758000 	C:\Windows\system32\NSI.dll
0x000007fefbdf0000 - 0x000007fefbe2b000 	C:\Windows\system32\WINMM.dll
0x000007fefc630000 - 0x000007fefc63c000 	C:\Windows\system32\VERSION.dll
0x0000000077720000 - 0x0000000077727000 	C:\Windows\system32\PSAPI.DLL
0x0000000072320000 - 0x000000007232f000 	C:\Program Files\Java\jdk1.8.0_74\jre\bin\verify.dll
0x0000000068b90000 - 0x0000000068bb9000 	C:\Program Files\Java\jdk1.8.0_74\jre\bin\java.dll
0x0000000070d90000 - 0x0000000070da6000 	C:\Program Files\Java\jdk1.8.0_74\jre\bin\zip.dll
0x000007fefe6a0000 - 0x000007feff42a000 	C:\Windows\system32\SHELL32.dll
0x000007fefd800000 - 0x000007fefda03000 	C:\Windows\system32\ole32.dll
0x000007fefd2f0000 - 0x000007fefd2ff000 	C:\Windows\system32\profapi.dll

VM Arguments:
jvm_args: -Djava.awt.headless=true -Xmx1024M -Dfile.encoding=windows-1252 -Duser.country=US -Duser.language=en -Duser.variant 
java_command: com.android.dx.command.Main --dex --force-jumbo --num-threads=4 --multi-dex --output C:\Users\felipe\Downloads\RESTTutorial\app\build\intermediates\transforms\dex\dev\debug\folders\1000\10\com.android.support-recyclerview-v7-23.3.0_03302d2c11e98b657d8baba7b17f89441b4239ea C:\Users\felipe\Downloads\RESTTutorial\app\build\intermediates\exploded-aar\com.android.support\recyclerview-v7\23.3.0\jars\classes.jar
java_class_path (initial): C:\Users\felipe\AppData\Local\Android\sdk\build-tools\23.0.3\lib\dx.jar
Launcher Type: SUN_STANDARD

Environment Variables:
PATH=C:\ProgramData\Oracle\Java\javapath;C:\Windows\system32;C:\Windows;C:\Windows\System32\Wbem;C:\Windows\System32\WindowsPowerShell\v1.0\;C:\Program Files (x86)\Skype\Phone\;C:\Program Files (x86)\Intel\OpenCL SDK\2.0\bin\x86;C:\Program Files (x86)\Intel\OpenCL SDK\2.0\bin\x64;C:\Program Files\Intel\WiFi\bin\;C:\Program Files\Common Files\Intel\WirelessCommon\;C:\Program Files\OpenVPN\bin;C:\Program Files (x86)\Windows Kits\8.1\Windows Performance Toolkit\;C:\Program Files\Microsoft SQL Server\110\Tools\Binn\;C:\Program Files\Amazon\AWSCLI\;C:\Program Files\Git\cmd;C:\Program Files\Intel\WiFi\bin\;C:\Program Files\Common Files\Intel\WirelessCommon\;C:\ec2-api-tools-1.7.5.1\bin;"C:\Program Files\Java\jdk1.8.0_74\"\bin\;.;;.;;.;;.;
USERNAME=felipe
OS=Windows_NT
PROCESSOR_IDENTIFIER=Intel64 Family 6 Model 42 Stepping 7, GenuineIntel



---------------  S Y S T E M  ---------------

OS: Windows 7 , 64 bit Build 7601 (6.1.7601.23392)

CPU:total 8 (4 cores per cpu, 2 threads per core) family 6 model 42 stepping 7, cmov, cx8, fxsr, mmx, sse, sse2, sse3, ssse3, sse4.1, sse4.2, popcnt, avx, aes, clmul, ht, tsc, tscinvbit

Memory: 4k page, physical 8266648k(851040k free), swap 9313368k(5032k free)

vm_info: Java HotSpot(TM) 64-Bit Server VM (25.74-b02) for windows-amd64 JRE (1.8.0_74-b02), built on Jan 29 2016 17:42:36 by "java_re" with MS VC++ 10.0 (VS2010)

time: Mon Apr 25 23:01:28 2016
elapsed time: 2 seconds (0d 0h 0m 2s)

