#
# There is insufficient memory for the Java Runtime Environment to continue.
# Native memory allocation (malloc) failed to allocate 1724896 bytes for Chunk::new
# Possible reasons:
#   The system is out of physical RAM or swap space
#   In 32 bit mode, the process size limit was hit
# Possible solutions:
#   Reduce memory load on the system
#   Increase physical memory or swap space
#   Check if swap backing store is full
#   Use 64 bit Java on a 64 bit OS
#   Decrease Java heap size (-Xmx/-Xms)
#   Decrease number of Java threads
#   Decrease Java thread stack sizes (-Xss)
#   Set larger code cache with -XX:ReservedCodeCacheSize=
# This output file may be truncated or incomplete.
#
#  Out of Memory Error (allocation.cpp:390), pid=12484, tid=13316
#
# JRE version: Java(TM) SE Runtime Environment (8.0_74-b02) (build 1.8.0_74-b02)
# Java VM: Java HotSpot(TM) 64-Bit Server VM (25.74-b02 mixed mode windows-amd64 compressed oops)
# Failed to write core dump. Minidumps are not enabled by default on client versions of Windows
#

---------------  T H R E A D  ---------------

Current thread (0x00000000566f7800):  JavaThread "C2 CompilerThread2" daemon [_thread_in_native, id=13316, stack(0x00000000580e0000,0x00000000581e0000)]

Stack: [0x00000000580e0000,0x00000000581e0000]
[error occurred during error reporting (printing stack bounds), id 0xc0000005]

Native frames: (J=compiled Java code, j=interpreted, Vv=VM code, C=native code)


Current CompileTask:
C2:   3080 1355   !   4       com.android.dx.cf.code.BytecodeArray::parseInstruction (2764 bytes)


---------------  P R O C E S S  ---------------

Java Threads: ( => current thread )
  0x000000005681e000 JavaThread "pool-2-thread-2" [_thread_in_Java, id=13424, stack(0x00000000589d0000,0x0000000058ad0000)]
  0x000000005681d800 JavaThread "pool-3-thread-1" [_thread_blocked, id=13420, stack(0x0000000057f40000,0x0000000058040000)]
  0x0000000056701800 JavaThread "Service Thread" daemon [_thread_blocked, id=13348, stack(0x0000000058380000,0x0000000058480000)]
  0x00000000566f8000 JavaThread "C1 CompilerThread3" daemon [_thread_blocked, id=13320, stack(0x0000000058210000,0x0000000058310000)]
=>0x00000000566f7800 JavaThread "C2 CompilerThread2" daemon [_thread_in_native, id=13316, stack(0x00000000580e0000,0x00000000581e0000)]
  0x00000000566f4800 JavaThread "C2 CompilerThread1" daemon [_thread_in_native, id=12128, stack(0x0000000057c90000,0x0000000057d90000)]
  0x000000005668f000 JavaThread "C2 CompilerThread0" daemon [_thread_in_native, id=11500, stack(0x0000000057e10000,0x0000000057f10000)]
  0x000000005668d800 JavaThread "Attach Listener" daemon [_thread_blocked, id=9936, stack(0x0000000057b90000,0x0000000057c90000)]
  0x000000005668c000 JavaThread "Signal Dispatcher" daemon [_thread_blocked, id=11172, stack(0x0000000057a50000,0x0000000057b50000)]
  0x00000000555dd000 JavaThread "Finalizer" daemon [_thread_blocked, id=12008, stack(0x0000000057770000,0x0000000057870000)]
  0x00000000555d6800 JavaThread "Reference Handler" daemon [_thread_blocked, id=3324, stack(0x00000000578b0000,0x00000000579b0000)]
  0x00000000021be800 JavaThread "main" [_thread_blocked, id=1812, stack(0x0000000002250000,0x0000000002350000)]

Other Threads:
  0x0000000056640800 VMThread [stack: 0x0000000057660000,0x0000000057760000] [id=12808]
  0x000000005670e000 WatcherThread [stack: 0x0000000058530000,0x0000000058630000] [id=13368]

VM state:not at safepoint (normal execution)

VM Mutex/Monitor currently owned by a thread: None

Heap:
 PSYoungGen      total 38400K, used 27937K [0x00000000eab00000, 0x00000000ef600000, 0x0000000100000000)
  eden space 33280K, 68% used [0x00000000eab00000,0x00000000ec14ec48,0x00000000ecb80000)
  from space 5120K, 99% used [0x00000000ecb80000,0x00000000ed079940,0x00000000ed080000)
  to   space 5120K, 0% used [0x00000000ef100000,0x00000000ef100000,0x00000000ef600000)
 ParOldGen       total 87552K, used 528K [0x00000000c0000000, 0x00000000c5580000, 0x00000000eab00000)
  object space 87552K, 0% used [0x00000000c0000000,0x00000000c0084070,0x00000000c5580000)
 Metaspace       used 6057K, capacity 6964K, committed 7040K, reserved 1056768K
  class space    used 602K, capacity 620K, committed 640K, reserved 1048576K

Card table byte_map: [0x00000000119e0000,0x0000000011bf0000] byte_map_base: 0x00000000113e0000

Marking Bits: (ParMarkBitMap*) 0x000000006fe70600
 Begin Bits: [0x00000000129f0000, 0x00000000139f0000)
 End Bits:   [0x00000000139f0000, 0x00000000149f0000)

Polling page: 0x0000000001c60000

CodeCache: size=245760Kb used=5666Kb max_used=5677Kb free=240093Kb
 bounds [0x0000000002620000, 0x0000000002bc0000, 0x0000000011620000]
 total_blobs=1635 nmethods=1366 adapters=182
 compilation: enabled

Compilation events (10 events):
Event: 3.061 Thread 0x00000000566f4800 1376       4       com.android.dx.ssa.back.FirstFitLocalCombiningAllocator::getParameterIndexForReg (55 bytes)
Event: 3.061 Thread 0x000000005668f000 1377 %     4       com.android.dx.util.Bits::or @ 2 (24 bytes)
Event: 3.067 Thread 0x00000000566f4800 nmethod 1376 0x0000000002bab310 code [0x0000000002bab480, 0x0000000002bab788]
Event: 3.070 Thread 0x000000005668f000 nmethod 1377% 0x0000000002b9f690 code [0x0000000002b9f7e0, 0x0000000002b9f9d8]
Event: 3.071 Thread 0x00000000566f8000 1378       3       com.android.dx.ssa.PhiInsn::mapSourceRegisters (78 bytes)
Event: 3.072 Thread 0x00000000566f4800 1380       4       java.util.ArrayList::removeRange (75 bytes)
Event: 3.072 Thread 0x000000005668f000 1383       4       com.android.dx.ssa.back.SsaToRop$1::visitBlock (97 bytes)
Event: 3.073 Thread 0x00000000566f8000 nmethod 1378 0x0000000002b7a290 code [0x0000000002b7a480, 0x0000000002b7ae08]
Event: 3.073 Thread 0x00000000566f8000 1381       3       com.android.dx.ssa.back.SsaToRop$PhiVisitor::visitPhiInsn (67 bytes)
Event: 3.075 Thread 0x00000000566f8000 nmethod 1381 0x0000000002badd90 code [0x0000000002bae000, 0x0000000002baefc8]

GC Heap History (2 events):
Event: 1.651 GC heap before
{Heap before GC invocations=1 (full 0):
 PSYoungGen      total 38400K, used 33280K [0x00000000eab00000, 0x00000000ed580000, 0x0000000100000000)
  eden space 33280K, 100% used [0x00000000eab00000,0x00000000ecb80000,0x00000000ecb80000)
  from space 5120K, 0% used [0x00000000ed080000,0x00000000ed080000,0x00000000ed580000)
  to   space 5120K, 0% used [0x00000000ecb80000,0x00000000ecb80000,0x00000000ed080000)
 ParOldGen       total 87552K, used 0K [0x00000000c0000000, 0x00000000c5580000, 0x00000000eab00000)
  object space 87552K, 0% used [0x00000000c0000000,0x00000000c0000000,0x00000000c5580000)
 Metaspace       used 5900K, capacity 6834K, committed 7040K, reserved 1056768K
  class space    used 597K, capacity 618K, committed 640K, reserved 1048576K
Event: 1.759 GC heap after
Heap after GC invocations=1 (full 0):
 PSYoungGen      total 38400K, used 5094K [0x00000000eab00000, 0x00000000ef600000, 0x0000000100000000)
  eden space 33280K, 0% used [0x00000000eab00000,0x00000000eab00000,0x00000000ecb80000)
  from space 5120K, 99% used [0x00000000ecb80000,0x00000000ed079940,0x00000000ed080000)
  to   space 5120K, 0% used [0x00000000ef100000,0x00000000ef100000,0x00000000ef600000)
 ParOldGen       total 87552K, used 528K [0x00000000c0000000, 0x00000000c5580000, 0x00000000eab00000)
  object space 87552K, 0% used [0x00000000c0000000,0x00000000c0084070,0x00000000c5580000)
 Metaspace       used 5900K, capacity 6834K, committed 7040K, reserved 1056768K
  class space    used 597K, capacity 618K, committed 640K, reserved 1048576K
}

Deoptimization events (10 events):
Event: 1.183 Thread 0x000000005681b000 Uncommon trap: reason=bimorphic action=maybe_recompile pc=0x00000000028973bc method=java.util.HashMap.getNode(ILjava/lang/Object;)Ljava/util/HashMap$Node; @ 126
Event: 1.183 Thread 0x000000005681b000 Uncommon trap: reason=class_check action=maybe_recompile pc=0x0000000002994608 method=java.util.HashMap.putVal(ILjava/lang/Object;Ljava/lang/Object;ZZ)Ljava/lang/Object; @ 203
Event: 1.494 Thread 0x000000005681b000 Uncommon trap: reason=class_check action=maybe_recompile pc=0x0000000002a68f18 method=com.android.dx.ssa.SCCP.setLatticeValueTo(IILcom/android/dx/rop/cst/Constant;)Z @ 43
Event: 1.494 Thread 0x000000005681b000 Uncommon trap: reason=class_check action=maybe_recompile pc=0x0000000002a68f18 method=com.android.dx.ssa.SCCP.setLatticeValueTo(IILcom/android/dx/rop/cst/Constant;)Z @ 43
Event: 1.494 Thread 0x000000005681b000 Uncommon trap: reason=class_check action=maybe_recompile pc=0x0000000002a68f18 method=com.android.dx.ssa.SCCP.setLatticeValueTo(IILcom/android/dx/rop/cst/Constant;)Z @ 43
Event: 1.494 Thread 0x000000005681b000 Uncommon trap: reason=class_check action=maybe_recompile pc=0x0000000002a68f18 method=com.android.dx.ssa.SCCP.setLatticeValueTo(IILcom/android/dx/rop/cst/Constant;)Z @ 43
Event: 1.826 Thread 0x000000005682b800 Uncommon trap: reason=bimorphic action=maybe_recompile pc=0x0000000002aad310 method=com.android.dx.ssa.SCCP.setLatticeValueTo(IILcom/android/dx/rop/cst/Constant;)Z @ 43
Event: 1.826 Thread 0x000000005682b800 Uncommon trap: reason=bimorphic action=maybe_recompile pc=0x0000000002aad310 method=com.android.dx.ssa.SCCP.setLatticeValueTo(IILcom/android/dx/rop/cst/Constant;)Z @ 43
Event: 1.826 Thread 0x000000005682b800 Uncommon trap: reason=bimorphic action=maybe_recompile pc=0x0000000002aad310 method=com.android.dx.ssa.SCCP.setLatticeValueTo(IILcom/android/dx/rop/cst/Constant;)Z @ 43
Event: 1.827 Thread 0x000000005682b800 Uncommon trap: reason=bimorphic action=maybe_recompile pc=0x0000000002aad310 method=com.android.dx.ssa.SCCP.setLatticeValueTo(IILcom/android/dx/rop/cst/Constant;)Z @ 43

Internal exceptions (3 events):
Event: 0.037 Thread 0x00000000021be800 Exception <a 'java/lang/NoSuchMethodError': Method sun.misc.Unsafe.defineClass(Ljava/lang/String;[BII)Ljava/lang/Class; name or signature does not match> (0x00000000eab07cc0) thrown at [C:\re\workspace\8-2-build-windows-amd64-cygwin\jdk8u74\6087\hotspot\srK‘qùë¢?
Event: 0.037 Thread 0x00000000021be800 Exception <a 'java/lang/NoSuchMethodError': Method sun.misc.Unsafe.prefetchRead(Ljava/lang/Object;J)V name or signature does not match> (0x00000000eab07fa8) thrown at [C:\re\workspace\8-2-build-windows-amd64-cygwin\jdk8u74\6087\hotspot\src\share\vm\prims\jôrÒ“ð?
Event: 1.036 Thread 0x000000005682b800 Implicit null exception at 0x00000000028f3892 to 0x00000000028f3982

Events (10 events):
Event: 2.005 Thread 0x000000005681b000 DEOPT UNPACKING pc=0x000000000266787f sp=0x000000005882e930 mode 0
Event: 2.009 Thread 0x000000005681b000 Thread exited: 0x000000005681b000
Event: 2.134 Thread 0x000000005682e800 DEOPT PACKING pc=0x00000000029b90e9 sp=0x000000005892ecc0
Event: 2.134 Thread 0x000000005682e800 DEOPT UNPACKING pc=0x000000000266787f sp=0x000000005892ea88 mode 0
Event: 2.138 Thread 0x000000005682e800 Thread exited: 0x000000005682e800
Event: 2.167 Thread 0x000000005682b800 DEOPT PACKING pc=0x00000000029b90e9 sp=0x0000000058d7ebc0
Event: 2.167 Thread 0x000000005682b800 DEOPT UNPACKING pc=0x000000000266787f sp=0x0000000058d7e990 mode 0
Event: 2.193 Thread 0x000000005682b800 Thread exited: 0x000000005682b800
Event: 2.657 loading class com/android/dx/rop/code/RegisterSpec$1
Event: 2.657 loading class com/android/dx/rop/code/RegisterSpec$1 done


Dynamic libraries:
0x000000013f3c0000 - 0x000000013f3f7000 	C:\Program Files\Java\jdk1.8.0_74\bin\java.exe
0x0000000077560000 - 0x000000007770a000 	C:\Windows\SYSTEM32\ntdll.dll
0x0000000077340000 - 0x000000007745f000 	C:\Windows\system32\kernel32.dll
0x000007fefd560000 - 0x000007fefd5ca000 	C:\Windows\system32\KERNELBASE.dll
0x000007fefdee0000 - 0x000007fefdfbb000 	C:\Windows\system32\ADVAPI32.dll
0x000007fefe4b0000 - 0x000007fefe54f000 	C:\Windows\system32\msvcrt.dll
0x000007fefdec0000 - 0x000007fefdedf000 	C:\Windows\SYSTEM32\sechost.dll
0x000007feff740000 - 0x000007feff86d000 	C:\Windows\system32\RPCRT4.dll
0x0000000077460000 - 0x000000007755a000 	C:\Windows\system32\USER32.dll
0x000007feff430000 - 0x000007feff497000 	C:\Windows\system32\GDI32.dll
0x000007feff5b0000 - 0x000007feff5be000 	C:\Windows\system32\LPK.dll
0x000007fefe3e0000 - 0x000007fefe4aa000 	C:\Windows\system32\USP10.dll
0x000007fefb570000 - 0x000007fefb764000 	C:\Windows\WinSxS\amd64_microsoft.windows.common-controls_6595b64144ccf1df_6.0.7601.18837_none_fa3b1e3d17594757\COMCTL32.dll
0x000007fefe5f0000 - 0x000007fefe661000 	C:\Windows\system32\SHLWAPI.dll
0x000007fefe670000 - 0x000007fefe69e000 	C:\Windows\system32\IMM32.DLL
0x000007feff4a0000 - 0x000007feff5a9000 	C:\Windows\system32\MSCTF.dll
0x000007fefd210000 - 0x000007fefd242000 	C:\Windows\system32\nvinitx.dll
0x00000000793c0000 - 0x0000000079492000 	C:\Program Files\Java\jdk1.8.0_74\jre\bin\msvcr100.dll
0x000000006f660000 - 0x000000006fef0000 	C:\Program Files\Java\jdk1.8.0_74\jre\bin\server\jvm.dll
0x000007fefa780000 - 0x000007fefa789000 	C:\Windows\system32\WSOCK32.dll
0x000007fefd700000 - 0x000007fefd74d000 	C:\Windows\system32\WS2_32.dll
0x000007fefd750000 - 0x000007fefd758000 	C:\Windows\system32\NSI.dll
0x000007fefbdf0000 - 0x000007fefbe2b000 	C:\Windows\system32\WINMM.dll
0x000007fefc630000 - 0x000007fefc63c000 	C:\Windows\system32\VERSION.dll
0x0000000077720000 - 0x0000000077727000 	C:\Windows\system32\PSAPI.DLL
0x0000000072320000 - 0x000000007232f000 	C:\Program Files\Java\jdk1.8.0_74\jre\bin\verify.dll
0x0000000068b90000 - 0x0000000068bb9000 	C:\Program Files\Java\jdk1.8.0_74\jre\bin\java.dll
0x0000000070d90000 - 0x0000000070da6000 	C:\Program Files\Java\jdk1.8.0_74\jre\bin\zip.dll
0x000007fefe6a0000 - 0x000007feff42a000 	C:\Windows\system32\SHELL32.dll
0x000007fefd800000 - 0x000007fefda03000 	C:\Windows\system32\ole32.dll
0x000007fefd2f0000 - 0x000007fefd2ff000 	C:\Windows\system32\profapi.dll

VM Arguments:
jvm_args: -Djava.awt.headless=true -Xmx1024M -Dfile.encoding=windows-1252 -Duser.country=US -Duser.language=en -Duser.variant 
java_command: com.android.dx.command.Main --dex --force-jumbo --num-threads=4 --multi-dex --output C:\Users\felipe\Downloads\RESTTutorial\app\build\intermediates\transforms\dex\dev\debug\folders\1000\10\instant-run_b81a92e2fc5962c4a363684a28c8a1bd2eb72080 C:\Users\felipe\Downloads\RESTTutorial\app\build\intermediates\incremental-runtime-classes\dev\debug\instant-run.jar
java_class_path (initial): C:\Users\felipe\AppData\Local\Android\sdk\build-tools\23.0.3\lib\dx.jar
Launcher Type: SUN_STANDARD

Environment Variables:
PATH=C:\ProgramData\Oracle\Java\javapath;C:\Windows\system32;C:\Windows;C:\Windows\System32\Wbem;C:\Windows\System32\WindowsPowerShell\v1.0\;C:\Program Files (x86)\Skype\Phone\;C:\Program Files (x86)\Intel\OpenCL SDK\2.0\bin\x86;C:\Program Files (x86)\Intel\OpenCL SDK\2.0\bin\x64;C:\Program Files\Intel\WiFi\bin\;C:\Program Files\Common Files\Intel\WirelessCommon\;C:\Program Files\OpenVPN\bin;C:\Program Files (x86)\Windows Kits\8.1\Windows Performance Toolkit\;C:\Program Files\Microsoft SQL Server\110\Tools\Binn\;C:\Program Files\Amazon\AWSCLI\;C:\Program Files\Git\cmd;C:\Program Files\Intel\WiFi\bin\;C:\Program Files\Common Files\Intel\WirelessCommon\;C:\ec2-api-tools-1.7.5.1\bin;"C:\Program Files\Java\jdk1.8.0_74\"\bin\;.;;.;;.;
USERNAME=felipe
OS=Windows_NT
PROCESSOR_IDENTIFIER=Intel64 Family 6 Model 42 Stepping 7, GenuineIntel



---------------  S Y S T E M  ---------------

OS: Windows 7 , 64 bit Build 7601 (6.1.7601.23392)

CPU:total 8 (4 cores per cpu, 2 threads per core) family 6 model 42 stepping 7, cmov, cx8, fxsr, mmx, sse, sse2, sse3, ssse3, sse4.1, sse4.2, popcnt, avx, aes, clmul, ht, tsc, tscinvbit

Memory: 4k page, physical 8266648k(304652k free), swap 8922188k(22912k free)

vm_info: Java HotSpot(TM) 64-Bit Server VM (25.74-b02) for windows-amd64 JRE (1.8.0_74-b02), built on Jan 29 2016 17:42:36 by "java_re" with MS VC++ 10.0 (VS2010)

time: Mon Apr 25 21:50:53 2016
elapsed time: 3 seconds (0d 0h 0m 3s)

