#
# There is insufficient memory for the Java Runtime Environment to continue.
# Native memory allocation (malloc) failed to allocate 1048576 bytes for AllocateHeap
# Possible reasons:
#   The system is out of physical RAM or swap space
#   In 32 bit mode, the process size limit was hit
# Possible solutions:
#   Reduce memory load on the system
#   Increase physical memory or swap space
#   Check if swap backing store is full
#   Use 64 bit Java on a 64 bit OS
#   Decrease Java heap size (-Xmx/-Xms)
#   Decrease number of Java threads
#   Decrease Java thread stack sizes (-Xss)
#   Set larger code cache with -XX:ReservedCodeCacheSize=
# This output file may be truncated or incomplete.
#
#  Out of Memory Error (memory/allocation.inline.hpp:61), pid=8688, tid=1196
#
# JRE version:  (8.0_74-b02) (build )
# Java VM: Java HotSpot(TM) 64-Bit Server VM (25.74-b02 mixed mode windows-amd64 compressed oops)
# Failed to write core dump. Minidumps are not enabled by default on client versions of Windows
#

---------------  T H R E A D  ---------------

Current thread (0x000000000206f000):  JavaThread "Unknown thread" [_thread_in_vm, id=1196, stack(0x00000000022f0000,0x00000000023f0000)]

Stack: [0x00000000022f0000,0x00000000023f0000]
[error occurred during error reporting (printing stack bounds), id 0xc0000005]

Native frames: (J=compiled Java code, j=interpreted, Vv=VM code, C=native code)


---------------  P R O C E S S  ---------------

Java Threads: ( => current thread )

Other Threads:

=>0x000000000206f000 (exited) JavaThread "Unknown thread" [_thread_in_vm, id=1196, stack(0x00000000022f0000,0x00000000023f0000)]

VM state:not at safepoint (normal execution)

VM Mutex/Monitor currently owned by a thread: None

Heap:
 PSYoungGen      total 38400K, used 665K [0x00000000d5f00000, 0x00000000d8980000, 0x0000000100000000)
  eden space 33280K, 2% used [0x00000000d5f00000,0x00000000d5fa6670,0x00000000d7f80000)
  from space 5120K, 0% used [0x00000000d8480000,0x00000000d8480000,0x00000000d8980000)
  to   space 5120K, 0% used [0x00000000d7f80000,0x00000000d7f80000,0x00000000d8480000)
 ParOldGen       total 87552K, used 0K [0x0000000081c00000, 0x0000000087180000, 0x00000000d5f00000)
  object space 87552K, 0% used [0x0000000081c00000,0x0000000081c00000,0x0000000087180000)
 Metaspace       used 769K, capacity 4480K, committed 4480K, reserved 1056768K
  class space    used 75K, capacity 384K, committed 384K, reserved 1048576K

Card table byte_map: [0x0000000011a80000,0x0000000011e80000] byte_map_base: 0x0000000011672000

Marking Bits: (ParMarkBitMap*) 0x000000006fe70600
 Begin Bits: [0x0000000012c70000, 0x0000000014c00000)
 End Bits:   [0x0000000014c00000, 0x0000000016b90000)

Polling page: 0x0000000000230000

CodeCache: size=245760Kb used=328Kb max_used=328Kb free=245431Kb
 bounds [0x00000000026c0000, 0x0000000002930000, 0x00000000116c0000]
 total_blobs=58 nmethods=0 adapters=38
 compilation: enabled

Compilation events (0 events):
No events

GC Heap History (0 events):
No events

Deoptimization events (0 events):
No events

Internal exceptions (0 events):
No events

Events (10 events):
Event: 0.040 loading class java/lang/Short
Event: 0.040 loading class java/lang/Short done
Event: 0.040 loading class java/lang/Integer
Event: 0.040 loading class java/lang/Integer done
Event: 0.040 loading class java/lang/Long
Event: 0.040 loading class java/lang/Long done
Event: 0.041 loading class java/lang/NullPointerException
Event: 0.041 loading class java/lang/NullPointerException done
Event: 0.041 loading class java/lang/ArithmeticException
Event: 0.041 loading class java/lang/ArithmeticException done


Dynamic libraries:
0x000000013f3c0000 - 0x000000013f3f7000 	C:\Program Files\Java\jdk1.8.0_74\bin\java.exe
0x0000000077560000 - 0x000000007770a000 	C:\Windows\SYSTEM32\ntdll.dll
0x0000000077340000 - 0x000000007745f000 	C:\Windows\system32\kernel32.dll
0x000007fefd560000 - 0x000007fefd5ca000 	C:\Windows\system32\KERNELBASE.dll
0x000007fefdee0000 - 0x000007fefdfbb000 	C:\Windows\system32\ADVAPI32.dll
0x000007fefe4b0000 - 0x000007fefe54f000 	C:\Windows\system32\msvcrt.dll
0x000007fefdec0000 - 0x000007fefdedf000 	C:\Windows\SYSTEM32\sechost.dll
0x000007feff740000 - 0x000007feff86d000 	C:\Windows\system32\RPCRT4.dll
0x0000000077460000 - 0x000000007755a000 	C:\Windows\system32\USER32.dll
0x000007feff430000 - 0x000007feff497000 	C:\Windows\system32\GDI32.dll
0x000007feff5b0000 - 0x000007feff5be000 	C:\Windows\system32\LPK.dll
0x000007fefe3e0000 - 0x000007fefe4aa000 	C:\Windows\system32\USP10.dll
0x000007fefb570000 - 0x000007fefb764000 	C:\Windows\WinSxS\amd64_microsoft.windows.common-controls_6595b64144ccf1df_6.0.7601.18837_none_fa3b1e3d17594757\COMCTL32.dll
0x000007fefe5f0000 - 0x000007fefe661000 	C:\Windows\system32\SHLWAPI.dll
0x000007fefe670000 - 0x000007fefe69e000 	C:\Windows\system32\IMM32.DLL
0x000007feff4a0000 - 0x000007feff5a9000 	C:\Windows\system32\MSCTF.dll
0x000007fefd210000 - 0x000007fefd242000 	C:\Windows\system32\nvinitx.dll
0x00000000793c0000 - 0x0000000079492000 	C:\Program Files\Java\jdk1.8.0_74\jre\bin\msvcr100.dll
0x000000006f660000 - 0x000000006fef0000 	C:\Program Files\Java\jdk1.8.0_74\jre\bin\server\jvm.dll
0x000007fefa780000 - 0x000007fefa789000 	C:\Windows\system32\WSOCK32.dll
0x000007fefd700000 - 0x000007fefd74d000 	C:\Windows\system32\WS2_32.dll
0x000007fefd750000 - 0x000007fefd758000 	C:\Windows\system32\NSI.dll
0x000007fefbdf0000 - 0x000007fefbe2b000 	C:\Windows\system32\WINMM.dll
0x000007fefc630000 - 0x000007fefc63c000 	C:\Windows\system32\VERSION.dll
0x0000000077720000 - 0x0000000077727000 	C:\Windows\system32\PSAPI.DLL
0x0000000072320000 - 0x000000007232f000 	C:\Program Files\Java\jdk1.8.0_74\jre\bin\verify.dll
0x0000000068b90000 - 0x0000000068bb9000 	C:\Program Files\Java\jdk1.8.0_74\jre\bin\java.dll
0x0000000070d90000 - 0x0000000070da6000 	C:\Program Files\Java\jdk1.8.0_74\jre\bin\zip.dll

VM Arguments:
jvm_args: -Dretrolambda.bytecodeVersion=50 -Dretrolambda.classpath=C:\Users\felipe\Downloads\RESTTutorial\app\build\intermediates\exploded-aar\com.android.support\recyclerview-v7\23.3.0\jars\classes.jar;C:\Users\felipe\.gradle\caches\modules-2\files-2.1\com.google.code.gson\gson\2.6.1\b9d63507329a7178e026fc334f87587ee5070ac5\gson-2.6.1.jar;C:\Users\felipe\AppData\Local\Android\sdk\extras\android\m2repository\com\android\support\support-annotations\23.0.1\support-annotations-23.0.1.jar;C:\Users\felipe\.gradle\caches\modules-2\files-2.1\com.squareup.retrofit2\adapter-rxjava\2.0.0\bf61256d9868ea053e24d77669c55c80db375c15\adapter-rxjava-2.0.0.jar;C:\Users\felipe\.gradle\caches\modules-2\files-2.1\com.squareup.retrofit2\converter-gson\2.0.0\49eb3ad545e7701234e4dd83db8dc1344b577f23\converter-gson-2.0.0.jar;C:\Users\felipe\Downloads\RESTTutorial\app\build\intermediates\exploded-aar\com.android.support\appcompat-v7\23.3.0\jars\classes.jar;C:\Users\felipe\.gradle\caches\modules-2\files-2.1\com.squareup.retrofit2\retrofit\2.0.0\5c06d197fb7fa875ad452f562e3310dd9949d066\retrofit-2.0.0.jar;C:\Users\felipe\Downloads\RESTTutorial\app\build\intermediates\exploded-aar\com.android.support\support-v4\23.3.0\jars\libs\internal_impl-23.3.0.jar;C:\Users\felipe\Downloads\RESTTutorial\app\build\intermediates\exploded-aar\com.android.support\support-vector-drawable\23.3.0\jars\classes.jar;C:\Users\felipe\.gradle\caches\modules-2\files-2.1\com.squareup.okio\okio\1.6.0\98476622f10715998eacf9240d6b479f12c66143\okio-1.6.0.jar;C:\Users\felipe\Downloads\RESTTutorial\app\build\intermediates\exploded-aar\com.android.support\design\23.3.0\jars\classes.jar;C:\Users\felipe\.gradle\caches\modules-2\files-2.1\dom4j\dom4j\20040902.021138\7c79f97a9d3e553c33774f35f5b2871b4f8840ed\dom4j-20040902.021138.jar;C:\Users\felipe\.gradle\caches\modules-2\files-2.1\io.reactivex\rxjava\1.1.1\b494968f6050d494de55dc3ce005e59c7eb40012\rxjava-1.1.1.jar;C:\Users\felipe\Downloads\RESTTutorial\app\build\intermediates\exploded-aar\com.github.zhaokaiqiang.klog\librar-Dretrolambda.includedFiles=C:\Users\felipe\Downloads\RESTTutorial\app\build\retrolambda\devDebug\com\andrei\template\data\remote\SampleAPI.class -Dretrolambda.inputDir=C:\Users\felipe\Downloads\RESTTutorial\app\build\retrolambda\devDebug -Dretrolambda.outputDir=C:\Users\felipe\Downloads\RESTTutorial\app\build\intermediates\classes\dev\debug -Dfile.encoding=windows-1252 -Duser.country=US -Duser.language=en -Duser.variant 
java_command: net.orfjackal.retrolambda.Main
java_class_path (initial): C:\Users\felipe\.gradle\caches\modules-2\files-2.1\net.orfjackal.retrolambda\retrolambda\2.0.6\222dd3b86257569bf8bbec5a1a5179a6413da7b6\retrolambda-2.0.6.jar
Launcher Type: SUN_STANDARD

Environment Variables:
PATH=C:\ProgramData\Oracle\Java\javapath;C:\Windows\system32;C:\Windows;C:\Windows\System32\Wbem;C:\Windows\System32\WindowsPowerShell\v1.0\;C:\Program Files (x86)\Skype\Phone\;C:\Program Files (x86)\Intel\OpenCL SDK\2.0\bin\x86;C:\Program Files (x86)\Intel\OpenCL SDK\2.0\bin\x64;C:\Program Files\Intel\WiFi\bin\;C:\Program Files\Common Files\Intel\WirelessCommon\;C:\Program Files\OpenVPN\bin;C:\Program Files (x86)\Windows Kits\8.1\Windows Performance Toolkit\;C:\Program Files\Microsoft SQL Server\110\Tools\Binn\;C:\Program Files\Amazon\AWSCLI\;C:\Program Files\Git\cmd;C:\Program Files\Intel\WiFi\bin\;C:\Program Files\Common Files\Intel\WirelessCommon\;C:\ec2-api-tools-1.7.5.1\bin;"C:\Program Files\Java\jdk1.8.0_74\"\bin\;.;;.;;.;
USERNAME=felipe
OS=Windows_NT
PROCESSOR_IDENTIFIER=Intel64 Family 6 Model 42 Stepping 7, GenuineIntel



---------------  S Y S T E M  ---------------

OS: Windows 7 , 64 bit Build 7601 (6.1.7601.23392)

CPU:total 8 (4 cores per cpu, 2 threads per core) family 6 model 42 stepping 7, cmov, cx8, fxsr, mmx, sse, sse2, sse3, ssse3, sse4.1, sse4.2, popcnt, avx, aes, clmul, ht, tsc, tscinvbit

Memory: 4k page, physical 8266648k(286108k free), swap 9313368k(5304k free)

vm_info: Java HotSpot(TM) 64-Bit Server VM (25.74-b02) for windows-amd64 JRE (1.8.0_74-b02), built on Jan 29 2016 17:42:36 by "java_re" with MS VC++ 10.0 (VS2010)

time: Mon Apr 25 22:23:39 2016
elapsed time: 0 seconds (0d 0h 0m 0s)

