#
# There is insufficient memory for the Java Runtime Environment to continue.
# Native memory allocation (malloc) failed to allocate 250256 bytes for Chunk::new
# Possible reasons:
#   The system is out of physical RAM or swap space
#   In 32 bit mode, the process size limit was hit
# Possible solutions:
#   Reduce memory load on the system
#   Increase physical memory or swap space
#   Check if swap backing store is full
#   Use 64 bit Java on a 64 bit OS
#   Decrease Java heap size (-Xmx/-Xms)
#   Decrease number of Java threads
#   Decrease Java thread stack sizes (-Xss)
#   Set larger code cache with -XX:ReservedCodeCacheSize=
# This output file may be truncated or incomplete.
#
#  Out of Memory Error (allocation.cpp:390), pid=492, tid=9624
#
# JRE version: Java(TM) SE Runtime Environment (8.0_74-b02) (build 1.8.0_74-b02)
# Java VM: Java HotSpot(TM) 64-Bit Server VM (25.74-b02 mixed mode windows-amd64 compressed oops)
# Failed to write core dump. Minidumps are not enabled by default on client versions of Windows
#

---------------  T H R E A D  ---------------

Current thread (0x00000000567d0000):  JavaThread "C2 CompilerThread0" daemon [_thread_in_native, id=9624, stack(0x0000000057f90000,0x0000000058090000)]

Stack: [0x0000000057f90000,0x0000000058090000]
[error occurred during error reporting (printing stack bounds), id 0xc0000005]

Native frames: (J=compiled Java code, j=interpreted, Vv=VM code, C=native code)


Current CompileTask:
C2:   2247 1264   !   4       com.android.dx.cf.code.BytecodeArray::parseInstruction (2764 bytes)


---------------  P R O C E S S  ---------------

Java Threads: ( => current thread )
  0x0000000056a50000 JavaThread "pool-2-thread-4" [_thread_blocked, id=14152, stack(0x0000000058c20000,0x0000000058d20000)]
  0x0000000056a48800 JavaThread "pool-2-thread-3" [_thread_blocked, id=10720, stack(0x0000000058b10000,0x0000000058c10000)]
  0x0000000056a44800 JavaThread "pool-2-thread-2" [_thread_in_Java, id=11400, stack(0x0000000058990000,0x0000000058a90000)]
  0x00000000569ff000 JavaThread "pool-3-thread-1" [_thread_blocked, id=10068, stack(0x00000000585f0000,0x00000000586f0000)]
  0x0000000056987800 JavaThread "pool-2-thread-1" [_thread_in_vm, id=4524, stack(0x0000000057c90000,0x0000000057d90000)]
  0x00000000567e8800 JavaThread "Service Thread" daemon [_thread_blocked, id=14100, stack(0x0000000058450000,0x0000000058550000)]
  0x00000000567dd800 JavaThread "C1 CompilerThread3" daemon [_thread_blocked, id=10984, stack(0x0000000058290000,0x0000000058390000)]
  0x00000000567db000 JavaThread "C2 CompilerThread2" daemon [_thread_blocked, id=1884, stack(0x0000000058130000,0x0000000058230000)]
  0x00000000567d4000 JavaThread "C2 CompilerThread1" daemon [_thread_blocked, id=10652, stack(0x0000000057e90000,0x0000000057f90000)]
=>0x00000000567d0000 JavaThread "C2 CompilerThread0" daemon [_thread_in_native, id=9624, stack(0x0000000057f90000,0x0000000058090000)]
  0x00000000567ce800 JavaThread "Attach Listener" daemon [_thread_blocked, id=12044, stack(0x00000000576d0000,0x00000000577d0000)]
  0x00000000567cd800 JavaThread "Signal Dispatcher" daemon [_thread_blocked, id=1084, stack(0x0000000057d90000,0x0000000057e90000)]
  0x000000005560e800 JavaThread "Finalizer" daemon [_thread_blocked, id=14240, stack(0x0000000057b80000,0x0000000057c80000)]
  0x0000000055608800 JavaThread "Reference Handler" daemon [_thread_blocked, id=5992, stack(0x00000000579d0000,0x0000000057ad0000)]
  0x000000000214e800 JavaThread "main" [_thread_blocked, id=5732, stack(0x0000000002400000,0x0000000002500000)]

Other Threads:
  0x000000000224f800 VMThread [stack: 0x0000000057830000,0x0000000057930000] [id=12372]
  0x000000005685d000 WatcherThread [stack: 0x00000000586f0000,0x00000000587f0000] [id=11100]

VM state:synchronizing (normal execution)

VM Mutex/Monitor currently owned by a thread:  ([mutex/lock_event])
[0x000000000214c700] Safepoint_lock - owner thread: 0x000000000224f800
[0x000000000214c780] Threads_lock - owner thread: 0x000000000224f800
[0x000000000214cc80] Heap_lock - owner thread: 0x0000000056a48800

Heap:
 PSYoungGen      total 38400K, used 33280K [0x00000000eab00000, 0x00000000ed580000, 0x0000000100000000)
  eden space 33280K, 100% used [0x00000000eab00000,0x00000000ecb80000,0x00000000ecb80000)
  from space 5120K, 0% used [0x00000000ed080000,0x00000000ed080000,0x00000000ed580000)
  to   space 5120K, 0% used [0x00000000ecb80000,0x00000000ecb80000,0x00000000ed080000)
 ParOldGen       total 87552K, used 0K [0x00000000c0000000, 0x00000000c5580000, 0x00000000eab00000)
  object space 87552K, 0% used [0x00000000c0000000,0x00000000c0000000,0x00000000c5580000)
 Metaspace       used 6034K, capacity 6964K, committed 7040K, reserved 1056768K
  class space    used 603K, capacity 620K, committed 640K, reserved 1048576K

Card table byte_map: [0x0000000011b90000,0x0000000011da0000] byte_map_base: 0x0000000011590000

Marking Bits: (ParMarkBitMap*) 0x000000006fe70600
 Begin Bits: [0x0000000012a20000, 0x0000000013a20000)
 End Bits:   [0x0000000013a20000, 0x0000000014a20000)

Polling page: 0x0000000000130000

CodeCache: size=245760Kb used=5175Kb max_used=5187Kb free=240584Kb
 bounds [0x00000000027d0000, 0x0000000002cf0000, 0x00000000117d0000]
 total_blobs=1564 nmethods=1295 adapters=182
 compilation: enabled

Compilation events (10 events):
Event: 2.091 Thread 0x00000000567dd800 nmethod 1308 0x0000000002cdd850 code [0x0000000002cddae0, 0x0000000002cdec88]
Event: 2.091 Thread 0x00000000567dd800 1301       3       com.android.dx.dex.file.EncodedMethod::<init> (68 bytes)
Event: 2.091 Thread 0x00000000567dd800 nmethod 1301 0x0000000002cdf490 code [0x0000000002cdf620, 0x0000000002cdfad8]
Event: 2.091 Thread 0x00000000567dd800 1302       3       com.android.dx.dex.cf.AttributeTranslator::getMethodAnnotations (37 bytes)
Event: 2.093 Thread 0x00000000567dd800 nmethod 1302 0x0000000002cdfc90 code [0x0000000002cdff80, 0x0000000002ce1538]
Event: 2.101 Thread 0x00000000567d4000 nmethod 1287 0x0000000002ce37d0 code [0x0000000002ce3a60, 0x0000000002ce4370]
Event: 2.101 Thread 0x00000000567d4000 1297       4       java.util.Collections$UnmodifiableCollection$1::next (10 bytes)
Event: 2.107 Thread 0x00000000567d4000 nmethod 1297 0x0000000002ce6550 code [0x0000000002ce66a0, 0x0000000002ce68d8]
Event: 2.107 Thread 0x00000000567d4000 1312       4       com.android.dx.ssa.SsaMethod$1::visitNonMoveInsn (26 bytes)
Event: 2.109 Thread 0x00000000567d4000 nmethod 1312 0x0000000002ce6c90 code [0x0000000002ce6de0, 0x0000000002ce6ed8]

GC Heap History (0 events):
No events

Deoptimization events (10 events):
Event: 0.880 Thread 0x0000000056987800 Uncommon trap: reason=class_check action=maybe_recompile pc=0x0000000002a03f80 method=com.android.dx.ssa.NormalSsaInsn.accept(Lcom/android/dx/ssa/SsaInsn$Visitor;)V @ 9
Event: 0.880 Thread 0x0000000056987800 Uncommon trap: reason=class_check action=maybe_recompile pc=0x0000000002a03f80 method=com.android.dx.ssa.NormalSsaInsn.accept(Lcom/android/dx/ssa/SsaInsn$Visitor;)V @ 9
Event: 0.881 Thread 0x0000000056987800 Uncommon trap: reason=class_check action=maybe_recompile pc=0x0000000002a03f80 method=com.android.dx.ssa.NormalSsaInsn.accept(Lcom/android/dx/ssa/SsaInsn$Visitor;)V @ 9
Event: 0.882 Thread 0x0000000056987800 Uncommon trap: reason=class_check action=maybe_recompile pc=0x00000000029ead60 method=com.android.dx.ssa.NormalSsaInsn.accept(Lcom/android/dx/ssa/SsaInsn$Visitor;)V @ 9
Event: 1.618 Thread 0x000000000214e800 Uncommon trap: reason=unstable_if action=reinterpret pc=0x00000000029ed13c method=java.lang.String.<init>([CII)V @ 18
Event: 1.627 Thread 0x0000000056987800 Uncommon trap: reason=null_check action=make_not_entrant pc=0x0000000002aa4ff0 method=com.android.dx.ssa.SsaRenamer.getLocalForNewReg(I)Lcom/android/dx/rop/code/LocalItem; @ 19
Event: 1.627 Thread 0x0000000056987800 Uncommon trap: reason=null_check action=make_not_entrant pc=0x0000000002aadb64 method=com.android.dx.ssa.SsaRenamer.getLocalForNewReg(I)Lcom/android/dx/rop/code/LocalItem; @ 19
Event: 1.638 Thread 0x0000000056987800 Uncommon trap: reason=unstable_if action=reinterpret pc=0x0000000002a804c8 method=com.android.dx.rop.code.RegisterSpec.equals(ILcom/android/dx/rop/type/TypeBearer;Lcom/android/dx/rop/code/LocalItem;)Z @ 42
Event: 2.055 Thread 0x000000000214e800 Uncommon trap: reason=unstable_if action=reinterpret pc=0x0000000002a0710c method=java.lang.String.<init>([CII)V @ 18
Event: 2.087 Thread 0x0000000056a50000 Uncommon trap: reason=null_check action=make_not_entrant pc=0x0000000002c0ecd0 method=com.android.dx.rop.type.Type.equals(Ljava/lang/Object;)Z @ 8

Internal exceptions (5 events):
Event: 0.048 Thread 0x000000000214e800 Exception <a 'java/lang/NoSuchMethodError': Method sun.misc.Unsafe.defineClass(Ljava/lang/String;[BII)Ljava/lang/Class; name or signature does not match> (0x00000000eab07cc0) thrown at [C:\re\workspace\8-2-build-windows-amd64-cygwin\jdk8u74\6087\hotspot\srCçÙþa¨?
Event: 0.048 Thread 0x000000000214e800 Exception <a 'java/lang/NoSuchMethodError': Method sun.misc.Unsafe.prefetchRead(Ljava/lang/Object;J)V name or signature does not match> (0x00000000eab07fa8) thrown at [C:\re\workspace\8-2-build-windows-amd64-cygwin\jdk8u74\6087\hotspot\src\share\vm\prims\j9Ëâ§ú?
Event: 1.627 Thread 0x0000000056987800 Implicit null exception at 0x0000000002aa3b04 to 0x0000000002aa4fa5
Event: 1.627 Thread 0x0000000056987800 Implicit null exception at 0x0000000002aac3a1 to 0x0000000002aadb45
Event: 2.087 Thread 0x0000000056a50000 Implicit null exception at 0x0000000002c0ebd2 to 0x0000000002c0ecc2

Events (10 events):
Event: 2.055 loading class com/android/dx/cf/attrib/AttAnnotationDefault
Event: 2.055 loading class com/android/dx/cf/attrib/AttAnnotationDefault done
Event: 2.065 loading class java/util/HashMap$KeySet
Event: 2.065 loading class java/util/HashMap$KeySet done
Event: 2.065 loading class java/util/HashMap$KeyIterator
Event: 2.065 loading class java/util/HashMap$KeyIterator done
Event: 2.087 Thread 0x0000000056a50000 Uncommon trap: trap_request=0xfffffff4 fr.pc=0x0000000002c0ecd0
Event: 2.087 Thread 0x0000000056a50000 DEOPT PACKING pc=0x0000000002c0ecd0 sp=0x0000000058d1e7d0
Event: 2.087 Thread 0x0000000056a50000 DEOPT UNPACKING pc=0x000000000281582a sp=0x0000000058d1e758 mode 2
Event: 2.127 Executing VM operation: ParallelGCFailedAllocation


Dynamic libraries:
0x000000013f3c0000 - 0x000000013f3f7000 	C:\Program Files\Java\jdk1.8.0_74\bin\java.exe
0x0000000077560000 - 0x000000007770a000 	C:\Windows\SYSTEM32\ntdll.dll
0x0000000077340000 - 0x000000007745f000 	C:\Windows\system32\kernel32.dll
0x000007fefd560000 - 0x000007fefd5ca000 	C:\Windows\system32\KERNELBASE.dll
0x000007fefdee0000 - 0x000007fefdfbb000 	C:\Windows\system32\ADVAPI32.dll
0x000007fefe4b0000 - 0x000007fefe54f000 	C:\Windows\system32\msvcrt.dll
0x000007fefdec0000 - 0x000007fefdedf000 	C:\Windows\SYSTEM32\sechost.dll
0x000007feff740000 - 0x000007feff86d000 	C:\Windows\system32\RPCRT4.dll
0x0000000077460000 - 0x000000007755a000 	C:\Windows\system32\USER32.dll
0x000007feff430000 - 0x000007feff497000 	C:\Windows\system32\GDI32.dll
0x000007feff5b0000 - 0x000007feff5be000 	C:\Windows\system32\LPK.dll
0x000007fefe3e0000 - 0x000007fefe4aa000 	C:\Windows\system32\USP10.dll
0x000007fefb570000 - 0x000007fefb764000 	C:\Windows\WinSxS\amd64_microsoft.windows.common-controls_6595b64144ccf1df_6.0.7601.18837_none_fa3b1e3d17594757\COMCTL32.dll
0x000007fefe5f0000 - 0x000007fefe661000 	C:\Windows\system32\SHLWAPI.dll
0x000007fefe670000 - 0x000007fefe69e000 	C:\Windows\system32\IMM32.DLL
0x000007feff4a0000 - 0x000007feff5a9000 	C:\Windows\system32\MSCTF.dll
0x000007fefd210000 - 0x000007fefd242000 	C:\Windows\system32\nvinitx.dll
0x00000000793c0000 - 0x0000000079492000 	C:\Program Files\Java\jdk1.8.0_74\jre\bin\msvcr100.dll
0x000000006f660000 - 0x000000006fef0000 	C:\Program Files\Java\jdk1.8.0_74\jre\bin\server\jvm.dll
0x000007fefa780000 - 0x000007fefa789000 	C:\Windows\system32\WSOCK32.dll
0x000007fefd700000 - 0x000007fefd74d000 	C:\Windows\system32\WS2_32.dll
0x000007fefd750000 - 0x000007fefd758000 	C:\Windows\system32\NSI.dll
0x000007fefbdf0000 - 0x000007fefbe2b000 	C:\Windows\system32\WINMM.dll
0x000007fefc630000 - 0x000007fefc63c000 	C:\Windows\system32\VERSION.dll
0x0000000077720000 - 0x0000000077727000 	C:\Windows\system32\PSAPI.DLL
0x0000000072320000 - 0x000000007232f000 	C:\Program Files\Java\jdk1.8.0_74\jre\bin\verify.dll
0x0000000068b90000 - 0x0000000068bb9000 	C:\Program Files\Java\jdk1.8.0_74\jre\bin\java.dll
0x0000000070d90000 - 0x0000000070da6000 	C:\Program Files\Java\jdk1.8.0_74\jre\bin\zip.dll
0x000007fefe6a0000 - 0x000007feff42a000 	C:\Windows\system32\SHELL32.dll
0x000007fefd800000 - 0x000007fefda03000 	C:\Windows\system32\ole32.dll
0x000007fefd2f0000 - 0x000007fefd2ff000 	C:\Windows\system32\profapi.dll

VM Arguments:
jvm_args: -Djava.awt.headless=true -Xmx1024M -Dfile.encoding=windows-1252 -Duser.country=US -Duser.language=en -Duser.variant 
java_command: com.android.dx.command.Main --dex --force-jumbo --num-threads=4 --multi-dex --output C:\Users\felipe\Downloads\RESTTutorial\app\build\intermediates\transforms\dex\dev\debug\folders\1000\10\retrofit-2.0.0_8e8c9ed4e65a30cdd915fa47685a442370e1060b C:\Users\felipe\.gradle\caches\modules-2\files-2.1\com.squareup.retrofit2\retrofit\2.0.0\5c06d197fb7fa875ad452f562e3310dd9949d066\retrofit-2.0.0.jar
java_class_path (initial): C:\Users\felipe\AppData\Local\Android\sdk\build-tools\23.0.3\lib\dx.jar
Launcher Type: SUN_STANDARD

Environment Variables:
PATH=C:\ProgramData\Oracle\Java\javapath;C:\Windows\system32;C:\Windows;C:\Windows\System32\Wbem;C:\Windows\System32\WindowsPowerShell\v1.0\;C:\Program Files (x86)\Skype\Phone\;C:\Program Files (x86)\Intel\OpenCL SDK\2.0\bin\x86;C:\Program Files (x86)\Intel\OpenCL SDK\2.0\bin\x64;C:\Program Files\Intel\WiFi\bin\;C:\Program Files\Common Files\Intel\WirelessCommon\;C:\Program Files\OpenVPN\bin;C:\Program Files (x86)\Windows Kits\8.1\Windows Performance Toolkit\;C:\Program Files\Microsoft SQL Server\110\Tools\Binn\;C:\Program Files\Amazon\AWSCLI\;C:\Program Files\Git\cmd;C:\Program Files\Intel\WiFi\bin\;C:\Program Files\Common Files\Intel\WirelessCommon\;C:\ec2-api-tools-1.7.5.1\bin;"C:\Program Files\Java\jdk1.8.0_74\"\bin\;.;;.;;.;
USERNAME=felipe
OS=Windows_NT
PROCESSOR_IDENTIFIER=Intel64 Family 6 Model 42 Stepping 7, GenuineIntel



---------------  S Y S T E M  ---------------

OS: Windows 7 , 64 bit Build 7601 (6.1.7601.23392)

CPU:total 8 (4 cores per cpu, 2 threads per core) family 6 model 42 stepping 7, cmov, cx8, fxsr, mmx, sse, sse2, sse3, ssse3, sse4.1, sse4.2, popcnt, avx, aes, clmul, ht, tsc, tscinvbit

Memory: 4k page, physical 8266648k(857412k free), swap 9313368k(5720k free)

vm_info: Java HotSpot(TM) 64-Bit Server VM (25.74-b02) for windows-amd64 JRE (1.8.0_74-b02), built on Jan 29 2016 17:42:36 by "java_re" with MS VC++ 10.0 (VS2010)

time: Mon Apr 25 23:01:24 2016
elapsed time: 2 seconds (0d 0h 0m 2s)

