#
# There is insufficient memory for the Java Runtime Environment to continue.
# Native memory allocation (malloc) failed to allocate 341616 bytes for Chunk::new
# Possible reasons:
#   The system is out of physical RAM or swap space
#   In 32 bit mode, the process size limit was hit
# Possible solutions:
#   Reduce memory load on the system
#   Increase physical memory or swap space
#   Check if swap backing store is full
#   Use 64 bit Java on a 64 bit OS
#   Decrease Java heap size (-Xmx/-Xms)
#   Decrease number of Java threads
#   Decrease Java thread stack sizes (-Xss)
#   Set larger code cache with -XX:ReservedCodeCacheSize=
# This output file may be truncated or incomplete.
#
#  Out of Memory Error (allocation.cpp:390), pid=14044, tid=8284
#
# JRE version: Java(TM) SE Runtime Environment (8.0_74-b02) (build 1.8.0_74-b02)
# Java VM: Java HotSpot(TM) 64-Bit Server VM (25.74-b02 mixed mode windows-amd64 compressed oops)
# Failed to write core dump. Minidumps are not enabled by default on client versions of Windows
#

---------------  T H R E A D  ---------------

Current thread (0x000000005693e800):  JavaThread "C2 CompilerThread0" daemon [_thread_in_native, id=8284, stack(0x0000000057f80000,0x0000000058080000)]

Stack: [0x0000000057f80000,0x0000000058080000]
[error occurred during error reporting (printing stack bounds), id 0xc0000005]

Native frames: (J=compiled Java code, j=interpreted, Vv=VM code, C=native code)


Current CompileTask:
C2:   1082  606       4       com.android.dx.ssa.SsaBasicBlock::forEachInsn (37 bytes)


---------------  P R O C E S S  ---------------

Java Threads: ( => current thread )
  0x0000000056c52000 JavaThread "pool-3-thread-1" [_thread_blocked, id=1412, stack(0x0000000058960000,0x0000000058a60000)]
  0x0000000056c51800 JavaThread "pool-2-thread-1" [_thread_in_Java, id=1428, stack(0x0000000058400000,0x0000000058500000)]
  0x00000000569ea000 JavaThread "Service Thread" daemon [_thread_blocked, id=3336, stack(0x0000000058740000,0x0000000058840000)]
  0x00000000569a8000 JavaThread "C1 CompilerThread3" daemon [_thread_in_native, id=9976, stack(0x0000000058500000,0x0000000058600000)]
  0x00000000569a7800 JavaThread "C2 CompilerThread2" daemon [_thread_blocked, id=11408, stack(0x0000000058280000,0x0000000058380000)]
  0x00000000569a4800 JavaThread "C2 CompilerThread1" daemon [_thread_blocked, id=7256, stack(0x0000000058110000,0x0000000058210000)]
=>0x000000005693e800 JavaThread "C2 CompilerThread0" daemon [_thread_in_native, id=8284, stack(0x0000000057f80000,0x0000000058080000)]
  0x000000005693d800 JavaThread "Attach Listener" daemon [_thread_blocked, id=11840, stack(0x0000000057e60000,0x0000000057f60000)]
  0x000000005693c000 JavaThread "Signal Dispatcher" daemon [_thread_blocked, id=2996, stack(0x0000000057d40000,0x0000000057e40000)]
  0x000000005588d000 JavaThread "Finalizer" daemon [_thread_blocked, id=9604, stack(0x0000000057bd0000,0x0000000057cd0000)]
  0x0000000055886800 JavaThread "Reference Handler" daemon [_thread_blocked, id=5740, stack(0x0000000057840000,0x0000000057940000)]
  0x00000000023be800 JavaThread "main" [_thread_blocked, id=12748, stack(0x0000000002510000,0x0000000002610000)]

Other Threads:
  0x00000000568f0800 VMThread [stack: 0x00000000579c0000,0x0000000057ac0000] [id=5788]
  0x00000000569da800 WatcherThread [stack: 0x0000000058600000,0x0000000058700000] [id=7132]

VM state:not at safepoint (normal execution)

VM Mutex/Monitor currently owned by a thread: None

Heap:
 PSYoungGen      total 38400K, used 14697K [0x00000000eab00000, 0x00000000ed580000, 0x0000000100000000)
  eden space 33280K, 44% used [0x00000000eab00000,0x00000000eb95a4a8,0x00000000ecb80000)
  from space 5120K, 0% used [0x00000000ed080000,0x00000000ed080000,0x00000000ed580000)
  to   space 5120K, 0% used [0x00000000ecb80000,0x00000000ecb80000,0x00000000ed080000)
 ParOldGen       total 87552K, used 0K [0x00000000c0000000, 0x00000000c5580000, 0x00000000eab00000)
  object space 87552K, 0% used [0x00000000c0000000,0x00000000c0000000,0x00000000c5580000)
 Metaspace       used 5676K, capacity 6642K, committed 6784K, reserved 1056768K
  class space    used 601K, capacity 618K, committed 640K, reserved 1048576K

Card table byte_map: [0x0000000011ca0000,0x0000000011eb0000] byte_map_base: 0x00000000116a0000

Marking Bits: (ParMarkBitMap*) 0x000000006fe70600
 Begin Bits: [0x0000000012ca0000, 0x0000000013ca0000)
 End Bits:   [0x0000000013ca0000, 0x0000000014ca0000)

Polling page: 0x0000000000130000

CodeCache: size=245760Kb used=2615Kb max_used=2626Kb free=243144Kb
 bounds [0x00000000028e0000, 0x0000000002b80000, 0x00000000118e0000]
 total_blobs=897 nmethods=628 adapters=182
 compilation: enabled

Compilation events (10 events):
Event: 1.073 Thread 0x00000000569a8000  559       1       com.android.dx.cf.iface.StdMember::getAttributes (5 bytes)
Event: 1.073 Thread 0x00000000569a4800 nmethod 625 0x0000000002b64a90 code [0x0000000002b64be0, 0x0000000002b64c98]
Event: 1.073 Thread 0x00000000569a8000 nmethod 559 0x0000000002b62d50 code [0x0000000002b62ea0, 0x0000000002b62fb0]
Event: 1.073 Thread 0x00000000569a8000  629       3       com.android.dx.cf.code.BaseMachine::getLocalTarget (151 bytes)
Event: 1.073 Thread 0x00000000569a4800  635       4       com.android.dx.rop.code.RegisterSpec::hashCodeOf (30 bytes)
Event: 1.074 Thread 0x00000000569a8000 nmethod 629 0x0000000002b64dd0 code [0x0000000002b65080, 0x0000000002b66208]
Event: 1.074 Thread 0x00000000569a8000  634       3       com.android.dx.cf.code.Ropper::labelToResultIndex (47 bytes)
Event: 1.075 Thread 0x00000000569a8000 nmethod 634 0x0000000002b62090 code [0x0000000002b62260, 0x0000000002b628f8]
Event: 1.075 Thread 0x00000000569a8000  630       3       com.android.dx.cf.code.RopperMachine::getSources (264 bytes)
Event: 1.077 Thread 0x00000000569a7800  641       4       com.android.dx.ssa.SsaMethod::getExitBlock (26 bytes)

GC Heap History (0 events):
No events

Deoptimization events (1 events):
Event: 0.959 Thread 0x0000000056c51800 Uncommon trap: reason=unstable_if action=reinterpret pc=0x0000000002ad4a64 method=java.util.HashMap.getNode(ILjava/lang/Object;)Ljava/util/HashMap$Node; @ 62

Internal exceptions (2 events):
Event: 0.181 Thread 0x00000000023be800 Exception <a 'java/lang/NoSuchMethodError': Method sun.misc.Unsafe.defineClass(Ljava/lang/String;[BII)Ljava/lang/Class; name or signature does not match> (0x00000000eab07cc0) thrown at [C:\re\workspace\8-2-build-windows-amd64-cygwin\jdk8u74\6087\hotspot\srùç⁄’&-«?
Event: 0.181 Thread 0x00000000023be800 Exception <a 'java/lang/NoSuchMethodError': Method sun.misc.Unsafe.prefetchRead(Ljava/lang/Object;J)V name or signature does not match> (0x00000000eab07fa8) thrown at [C:\re\workspace\8-2-build-windows-amd64-cygwin\jdk8u74\6087\hotspot\src\share\vm\prims\j

Events (10 events):
Event: 0.960 loading class java/util/HashMap$Values done
Event: 0.961 loading class java/util/HashMap$ValueIterator
Event: 0.961 loading class java/util/HashMap$ValueIterator done
Event: 0.982 loading class java/util/DualPivotQuicksort
Event: 0.982 loading class java/util/DualPivotQuicksort done
Event: 0.988 loading class com/android/dx/dex/file/MethodAnnotationStruct
Event: 0.988 loading class com/android/dx/dex/file/MethodAnnotationStruct done
Event: 1.012 Thread 0x0000000056c52800 Thread exited: 0x0000000056c52800
Event: 1.055 loading class java/util/ArrayList$1
Event: 1.055 loading class java/util/ArrayList$1 done


Dynamic libraries:
0x000000013f3c0000 - 0x000000013f3f7000 	C:\Program Files\Java\jdk1.8.0_74\bin\java.exe
0x0000000077560000 - 0x000000007770a000 	C:\Windows\SYSTEM32\ntdll.dll
0x0000000077340000 - 0x000000007745f000 	C:\Windows\system32\kernel32.dll
0x000007fefd560000 - 0x000007fefd5ca000 	C:\Windows\system32\KERNELBASE.dll
0x000007fefdee0000 - 0x000007fefdfbb000 	C:\Windows\system32\ADVAPI32.dll
0x000007fefe4b0000 - 0x000007fefe54f000 	C:\Windows\system32\msvcrt.dll
0x000007fefdec0000 - 0x000007fefdedf000 	C:\Windows\SYSTEM32\sechost.dll
0x000007feff740000 - 0x000007feff86d000 	C:\Windows\system32\RPCRT4.dll
0x0000000077460000 - 0x000000007755a000 	C:\Windows\system32\USER32.dll
0x000007feff430000 - 0x000007feff497000 	C:\Windows\system32\GDI32.dll
0x000007feff5b0000 - 0x000007feff5be000 	C:\Windows\system32\LPK.dll
0x000007fefe3e0000 - 0x000007fefe4aa000 	C:\Windows\system32\USP10.dll
0x000007fefb570000 - 0x000007fefb764000 	C:\Windows\WinSxS\amd64_microsoft.windows.common-controls_6595b64144ccf1df_6.0.7601.18837_none_fa3b1e3d17594757\COMCTL32.dll
0x000007fefe5f0000 - 0x000007fefe661000 	C:\Windows\system32\SHLWAPI.dll
0x000007fefe670000 - 0x000007fefe69e000 	C:\Windows\system32\IMM32.DLL
0x000007feff4a0000 - 0x000007feff5a9000 	C:\Windows\system32\MSCTF.dll
0x000007fefd210000 - 0x000007fefd242000 	C:\Windows\system32\nvinitx.dll
0x00000000793c0000 - 0x0000000079492000 	C:\Program Files\Java\jdk1.8.0_74\jre\bin\msvcr100.dll
0x000000006f660000 - 0x000000006fef0000 	C:\Program Files\Java\jdk1.8.0_74\jre\bin\server\jvm.dll
0x000007fefa780000 - 0x000007fefa789000 	C:\Windows\system32\WSOCK32.dll
0x000007fefd700000 - 0x000007fefd74d000 	C:\Windows\system32\WS2_32.dll
0x000007fefd750000 - 0x000007fefd758000 	C:\Windows\system32\NSI.dll
0x000007fefbdf0000 - 0x000007fefbe2b000 	C:\Windows\system32\WINMM.dll
0x000007fefc630000 - 0x000007fefc63c000 	C:\Windows\system32\VERSION.dll
0x0000000077720000 - 0x0000000077727000 	C:\Windows\system32\PSAPI.DLL
0x0000000072320000 - 0x000000007232f000 	C:\Program Files\Java\jdk1.8.0_74\jre\bin\verify.dll
0x0000000068b90000 - 0x0000000068bb9000 	C:\Program Files\Java\jdk1.8.0_74\jre\bin\java.dll
0x0000000070d90000 - 0x0000000070da6000 	C:\Program Files\Java\jdk1.8.0_74\jre\bin\zip.dll
0x000007fefe6a0000 - 0x000007feff42a000 	C:\Windows\system32\SHELL32.dll
0x000007fefd800000 - 0x000007fefda03000 	C:\Windows\system32\ole32.dll
0x000007fefd2f0000 - 0x000007fefd2ff000 	C:\Windows\system32\profapi.dll

VM Arguments:
jvm_args: -Djava.awt.headless=true -Xmx1024M -Dfile.encoding=windows-1252 -Duser.country=US -Duser.language=en -Duser.variant 
java_command: com.android.dx.command.Main --dex --force-jumbo --num-threads=4 --multi-dex --output C:\Users\felipe\Downloads\RESTTutorial\app\build\intermediates\transforms\dex\dev\debug\folders\1000\10\com.android.support-animated-vector-drawable-23.3.0_714eef38b38d28e0f71b90a238f3c2ca8d245a30 C:\Users\felipe\Downloads\RESTTutorial\app\build\intermediates\exploded-aar\com.android.support\animated-vector-drawable\23.3.0\jars\classes.jar
java_class_path (initial): C:\Users\felipe\AppData\Local\Android\sdk\build-tools\23.0.3\lib\dx.jar
Launcher Type: SUN_STANDARD

Environment Variables:
PATH=C:\ProgramData\Oracle\Java\javapath;C:\Windows\system32;C:\Windows;C:\Windows\System32\Wbem;C:\Windows\System32\WindowsPowerShell\v1.0\;C:\Program Files (x86)\Skype\Phone\;C:\Program Files (x86)\Intel\OpenCL SDK\2.0\bin\x86;C:\Program Files (x86)\Intel\OpenCL SDK\2.0\bin\x64;C:\Program Files\Intel\WiFi\bin\;C:\Program Files\Common Files\Intel\WirelessCommon\;C:\Program Files\OpenVPN\bin;C:\Program Files (x86)\Windows Kits\8.1\Windows Performance Toolkit\;C:\Program Files\Microsoft SQL Server\110\Tools\Binn\;C:\Program Files\Amazon\AWSCLI\;C:\Program Files\Git\cmd;C:\Program Files\Intel\WiFi\bin\;C:\Program Files\Common Files\Intel\WirelessCommon\;C:\ec2-api-tools-1.7.5.1\bin;"C:\Program Files\Java\jdk1.8.0_74\"\bin\;.;;.;;.;;.;
USERNAME=felipe
OS=Windows_NT
PROCESSOR_IDENTIFIER=Intel64 Family 6 Model 42 Stepping 7, GenuineIntel



---------------  S Y S T E M  ---------------

OS: Windows 7 , 64 bit Build 7601 (6.1.7601.23392)

CPU:total 8 (4 cores per cpu, 2 threads per core) family 6 model 42 stepping 7, cmov, cx8, fxsr, mmx, sse, sse2, sse3, ssse3, sse4.1, sse4.2, popcnt, avx, aes, clmul, ht, tsc, tscinvbit

Memory: 4k page, physical 8266648k(850692k free), swap 9313368k(5060k free)

vm_info: Java HotSpot(TM) 64-Bit Server VM (25.74-b02) for windows-amd64 JRE (1.8.0_74-b02), built on Jan 29 2016 17:42:36 by "java_re" with MS VC++ 10.0 (VS2010)

time: Mon Apr 25 23:01:28 2016
elapsed time: 1 seconds (0d 0h 0m 1s)

